{"/root/files/frontend-project-46/__fixtures__/result.js": {"path":"/root/files/frontend-project-46/__fixtures__/result.js","all":false,"statementMap":{"0":{"start":{"line":1,"column":0},"end":{"line":1,"column":141}}},"s":{"0":1},"branchMap":{},"b":{},"fnMap":{"0":{"name":"default","decl":{"start":{"line":1,"column":15},"end":{"line":1,"column":140}},"loc":{"start":{"line":1,"column":15},"end":{"line":1,"column":140}},"line":1}},"f":{"0":0}}
,"/root/files/frontend-project-46/src/index.js": {"path":"/root/files/frontend-project-46/src/index.js","all":false,"statementMap":{"0":{"start":{"line":1,"column":0},"end":{"line":1,"column":23}},"1":{"start":{"line":2,"column":0},"end":{"line":2,"column":37}},"2":{"start":{"line":3,"column":0},"end":{"line":3,"column":0}},"3":{"start":{"line":4,"column":0},"end":{"line":4,"column":43}},"4":{"start":{"line":5,"column":0},"end":{"line":5,"column":35}},"5":{"start":{"line":6,"column":0},"end":{"line":6,"column":35}},"6":{"start":{"line":7,"column":0},"end":{"line":7,"column":71}},"7":{"start":{"line":8,"column":0},"end":{"line":8,"column":48}},"8":{"start":{"line":9,"column":0},"end":{"line":9,"column":34}},"9":{"start":{"line":10,"column":0},"end":{"line":10,"column":34}},"10":{"start":{"line":11,"column":0},"end":{"line":11,"column":34}},"11":{"start":{"line":12,"column":0},"end":{"line":12,"column":41}},"12":{"start":{"line":13,"column":0},"end":{"line":13,"column":34}},"13":{"start":{"line":14,"column":0},"end":{"line":14,"column":5}},"14":{"start":{"line":15,"column":0},"end":{"line":15,"column":15}},"15":{"start":{"line":16,"column":0},"end":{"line":16,"column":9}},"16":{"start":{"line":17,"column":0},"end":{"line":17,"column":0}},"17":{"start":{"line":18,"column":0},"end":{"line":18,"column":85}},"18":{"start":{"line":19,"column":0},"end":{"line":19,"column":2}},"19":{"start":{"line":20,"column":0},"end":{"line":20,"column":0}},"20":{"start":{"line":21,"column":0},"end":{"line":21,"column":23}}},"s":{"0":1,"1":1,"2":1,"3":1,"4":1,"5":1,"6":1,"7":1,"8":5,"9":4,"10":4,"11":5,"12":1,"13":1,"14":5,"15":1,"16":1,"17":1,"18":1,"19":1,"20":1},"branchMap":{"0":{"type":"branch","line":4,"loc":{"start":{"line":4,"column":16},"end":{"line":19,"column":2}},"locations":[{"start":{"line":4,"column":16},"end":{"line":19,"column":2}}]},"1":{"type":"branch","line":8,"loc":{"start":{"line":8,"column":33},"end":{"line":16,"column":3}},"locations":[{"start":{"line":8,"column":33},"end":{"line":16,"column":3}}]},"2":{"type":"branch","line":9,"loc":{"start":{"line":9,"column":33},"end":{"line":12,"column":5}},"locations":[{"start":{"line":9,"column":33},"end":{"line":12,"column":5}}]},"3":{"type":"branch","line":12,"loc":{"start":{"line":12,"column":5},"end":{"line":14,"column":5}},"locations":[{"start":{"line":12,"column":5},"end":{"line":14,"column":5}}]}},"b":{"0":[1],"1":[5],"2":[4],"3":[1]},"fnMap":{"0":{"name":"genDiff","decl":{"start":{"line":4,"column":16},"end":{"line":19,"column":2}},"loc":{"start":{"line":4,"column":16},"end":{"line":19,"column":2}},"line":4}},"f":{"0":1}}
,"/root/files/frontend-project-46/src/readfile.js": {"path":"/root/files/frontend-project-46/src/readfile.js","all":false,"statementMap":{"0":{"start":{"line":1,"column":0},"end":{"line":1,"column":34}},"1":{"start":{"line":2,"column":0},"end":{"line":2,"column":24}},"2":{"start":{"line":3,"column":0},"end":{"line":3,"column":30}},"3":{"start":{"line":4,"column":0},"end":{"line":4,"column":0}},"4":{"start":{"line":5,"column":0},"end":{"line":5,"column":30}},"5":{"start":{"line":6,"column":0},"end":{"line":6,"column":61}},"6":{"start":{"line":7,"column":0},"end":{"line":7,"column":55}},"7":{"start":{"line":8,"column":0},"end":{"line":8,"column":30}},"8":{"start":{"line":9,"column":0},"end":{"line":9,"column":2}}},"s":{"0":1,"1":1,"2":1,"3":1,"4":1,"5":2,"6":2,"7":2,"8":2},"branchMap":{"0":{"type":"branch","line":5,"loc":{"start":{"line":5,"column":16},"end":{"line":9,"column":2}},"locations":[{"start":{"line":5,"column":16},"end":{"line":9,"column":2}}]}},"b":{"0":[2]},"fnMap":{"0":{"name":"default","decl":{"start":{"line":5,"column":16},"end":{"line":9,"column":2}},"loc":{"start":{"line":5,"column":16},"end":{"line":9,"column":2}},"line":5}},"f":{"0":2}}
}
