TN:
SF:__fixtures__/result.js
FN:1,default
FNF:1
FNH:0
FNDA:0,default
DA:1,1
LF:1
LH:1
BRF:0
BRH:0
end_of_record
TN:
SF:src/index.js
FN:4,genDiff
FNF:1
FNH:1
FNDA:1,genDiff
DA:1,1
DA:2,1
DA:3,1
DA:4,1
DA:5,1
DA:6,1
DA:7,1
DA:8,1
DA:9,5
DA:10,4
DA:11,4
DA:12,5
DA:13,1
DA:14,1
DA:15,5
DA:16,1
DA:17,1
DA:18,1
DA:19,1
DA:20,1
DA:21,1
LF:21
LH:21
BRDA:4,0,0,1
BRDA:8,1,0,5
BRDA:9,2,0,4
BRDA:12,3,0,1
BRF:4
BRH:4
end_of_record
TN:
SF:src/readfile.js
FN:5,default
FNF:1
FNH:1
FNDA:2,default
DA:1,1
DA:2,1
DA:3,1
DA:4,1
DA:5,1
DA:6,2
DA:7,2
DA:8,2
DA:9,2
LF:9
LH:9
BRDA:5,0,0,2
BRF:1
BRH:1
end_of_record
